TN:
SF:D:\Dev\test-utils\source\libraries\Bambit.TestUtility.DatabaseTools\Attributes\FieldSourceAttribute.cs
FN:14,get_Name()
FN:18,get_SourceType()
FN:9,.ctor(System.String,System.String)
FNDA:22650,get_Name()
FNDA:19770,get_SourceType()
FNDA:14268,.ctor(System.String,System.String)
FNF:3
FNH:3
BRF:0
BRH:0
DA:9,14268
DA:14,22650
DA:18,19770
LH:3
LF:3
end_of_record
SF:D:\Dev\test-utils\source\libraries\Bambit.TestUtility.DatabaseTools\Attributes\TableSourceAttribute.cs
FN:27,get_ConnectionName()
FN:31,get_TableName()
FN:35,get_SchemaName()
FN:10,.ctor(System.String,System.String,System.String)
FN:21,.ctor(System.String,System.String,System.String,System.Char[])
FNDA:1152,get_ConnectionName()
FNDA:1584,get_TableName()
FNDA:1584,get_SchemaName()
FNDA:798,.ctor(System.String,System.String,System.String)
FNDA:768,.ctor(System.String,System.String,System.String,System.Char[])
FNF:5
FNH:5
BRF:0
BRH:0
DA:10,798
DA:21,768
DA:23,768
DA:27,1152
DA:31,1584
DA:35,1584
LH:6
LF:6
end_of_record
SF:D:\Dev\test-utils\source\libraries\Bambit.TestUtility.DatabaseTools\AutoAssigner.cs
FN:53,ParseDateExtended(System.String)
FN:122,AssignValuesIfDefined(System.Collections.Generic.IDictionary`2<System.String,System.String>,System.Object)
FN:143,AssignProperty(System.Reflection.PropertyInfo,System.Object,System.Collections.Generic.IDictionary`2<System.String,System.String>)
FN:174,AssignIfDefined(System.Object,System.String,System.Reflection.PropertyInfo,System.Boolean,System.Collections.Generic.IDictionary`2<System.String,System.String>,System.Func`2<System.String,System.Object>)
FN:15,.cctor()
FNDA:684,ParseDateExtended(System.String)
FNDA:540,AssignValuesIfDefined(System.Collections.Generic.IDictionary`2<System.String,System.String>,System.Object)
FNDA:8250,AssignProperty(System.Reflection.PropertyInfo,System.Object,System.Collections.Generic.IDictionary`2<System.String,System.String>)
FNDA:6978,AssignIfDefined(System.Object,System.String,System.Reflection.PropertyInfo,System.Boolean,System.Collections.Generic.IDictionary`2<System.String,System.String>,System.Func`2<System.String,System.Object>)
FNDA:6,.cctor()
FNF:5
FNH:5
BRDA:53,53,0,6
BRDA:53,53,1,6
BRDA:55,55,2,6
BRDA:55,55,3,6
BRDA:55,55,4,6
BRDA:55,55,5,6
BRDA:55,55,6,6
BRDA:55,55,7,6
BRDA:55,55,8,6
BRDA:55,55,9,6
BRDA:55,55,10,6
BRDA:55,55,11,6
BRDA:55,55,12,6
BRDA:55,55,13,6
BRDA:55,55,14,6
BRDA:55,55,15,6
BRDA:55,55,16,6
BRDA:55,55,17,6
BRDA:55,55,18,6
BRDA:55,55,19,6
BRDA:55,55,20,6
BRDA:55,55,21,6
BRDA:55,55,22,6
BRDA:55,55,23,6
BRDA:55,55,24,6
BRDA:55,55,25,6
BRDA:55,55,26,6
BRDA:55,55,27,6
BRDA:55,55,28,6
BRDA:55,55,29,6
BRDA:55,55,30,6
BRDA:55,55,31,6
BRDA:55,55,32,6
BRDA:55,55,33,6
BRDA:55,55,34,6
BRDA:55,55,35,6
BRDA:55,55,36,6
BRDA:55,55,37,6
BRDA:55,55,38,6
BRDA:55,55,39,6
BRDA:55,55,40,6
BRDA:55,55,41,6
BRDA:55,55,42,6
BRDA:55,55,43,6
BRDA:55,55,44,6
BRDA:55,55,45,6
BRDA:55,55,46,6
BRDA:55,55,47,6
BRDA:55,55,48,6
BRDA:55,55,49,6
BRDA:55,55,50,6
BRDA:55,55,51,6
BRDA:55,55,52,6
BRDA:55,55,53,6
BRDA:55,55,54,6
BRDA:55,55,55,6
BRDA:55,55,56,6
BRDA:55,55,57,6
BRDA:55,55,58,6
BRDA:55,55,59,6
BRDA:83,83,60,6
BRDA:83,83,61,6
BRDA:93,93,62,6
BRDA:93,93,63,6
BRDA:95,95,64,6
BRDA:95,95,65,6
BRDA:97,97,66,6
BRDA:97,97,67,6
BRDA:99,99,68,6
BRDA:99,99,69,6
BRDA:101,101,70,6
BRDA:101,101,71,6
BRDA:103,103,72,6
BRDA:103,103,73,6
BRDA:105,105,74,6
BRDA:105,105,75,6
BRDA:128,128,76,6
BRDA:128,128,77,6
BRDA:132,132,78,6
BRDA:132,132,79,6
BRDA:144,144,80,6
BRDA:144,144,81,6
BRDA:148,148,82,6
BRDA:148,148,83,-
BRDA:149,149,84,6
BRDA:149,149,85,6
BRDA:154,154,86,6
BRDA:154,154,87,6
BRDA:160,160,88,6
BRDA:160,160,89,6
BRDA:163,163,90,6
BRDA:163,163,91,6
BRDA:174,174,92,6
BRDA:174,174,93,6
BRDA:178,178,94,6
BRDA:178,178,95,6
BRDA:180,180,96,6
BRDA:180,180,97,6
BRDA:39,39,98,6
BRDA:39,39,99,6
BRDA:39,39,100,6
BRDA:39,39,101,4
BRDA:39,39,102,4
BRDA:39,39,103,-
BRF:104
BRH:102
DA:15,6
DA:21,6
DA:22,6
DA:23,6
DA:24,96
DA:25,24
DA:26,30
DA:27,12
DA:28,12
DA:29,42
DA:30,42
DA:31,120
DA:32,108
DA:33,168
DA:34,6
DA:35,6
DA:36,6
DA:37,6
DA:38,42
DA:39,42
DA:40,42
DA:41,6
DA:42,6
DA:43,6
DA:53,684
DA:54,180
DA:55,504
DA:60,126
DA:62,18
DA:64,30
DA:66,6
DA:70,72
DA:74,72
DA:78,72
DA:81,108
DA:82,108
DA:83,108
DA:84,6
DA:85,102
DA:86,102
DA:87,102
DA:88,102
DA:89,102
DA:90,102
DA:91,102
DA:92,102
DA:93,102
DA:94,6
DA:95,96
DA:96,48
DA:97,96
DA:98,12
DA:99,84
DA:100,12
DA:101,72
DA:102,12
DA:103,60
DA:104,12
DA:105,48
DA:106,12
DA:107,36
DA:122,540
DA:123,540
DA:124,540
DA:125,540
DA:127,540
DA:128,17574
DA:131,8250
DA:132,8244
DA:133,774
DA:136,534
DA:143,8250
DA:144,8250
DA:145,282
DA:146,7968
DA:147,7968
DA:148,7968
DA:149,7968
DA:151,4122
DA:152,4122
DA:154,3846
DA:156,726
DA:157,726
DA:160,7968
DA:163,6978
DA:166,990
DA:174,6978
DA:175,6198
DA:178,780
DA:180,84
DA:181,6
DA:182,6
DA:183,78
DA:188,696
DA:189,696
DA:192,774
LH:96
LF:96
end_of_record
SF:D:\Dev\test-utils\source\libraries\Bambit.TestUtility.DatabaseTools\DatabaseCatalogRecord.cs
FN:23,CleanQualifiers(System.String)
FN:28,CleanAndEscapeToken(System.String)
FNDA:11712,CleanQualifiers(System.String)
FNDA:240,CleanAndEscapeToken(System.String)
FNF:2
FNH:2
BRF:0
BRH:0
DA:23,11712
DA:28,240
LH:2
LF:2
end_of_record
SF:D:\Dev\test-utils\source\libraries\Bambit.TestUtility.DatabaseTools\DatabaseClassFactory.cs
FN:20,get_TableToClassBuilder()
FN:35,PurgeTableDefinition(System.String,System.String,System.String)
FN:56,GetClassTypeFromTable(System.String,System.String,System.String)
FN:86,GenerateObjectFromTable(System.String,System.String,System.String)
FN:93,CreateTableDefinition(System.String,System.String,System.String)
FN:7,.ctor(Bambit.TestUtility.DatabaseTools.ITableToClassBuilder)
FN:24,get_ObjectTypeDefinition()
FN:22,.ctor(System.Type)
FNDA:30,get_TableToClassBuilder()
FNDA:0,PurgeTableDefinition(System.String,System.String,System.String)
FNDA:330,GetClassTypeFromTable(System.String,System.String,System.String)
FNDA:330,GenerateObjectFromTable(System.String,System.String,System.String)
FNDA:24,CreateTableDefinition(System.String,System.String,System.String)
FNDA:6,.ctor(Bambit.TestUtility.DatabaseTools.ITableToClassBuilder)
FNDA:354,get_ObjectTypeDefinition()
FNDA:24,.ctor(System.Type)
FNF:8
FNH:7
BRDA:37,37,104,-
BRDA:37,37,105,-
BRDA:40,40,106,-
BRDA:40,40,107,-
BRDA:58,58,108,6
BRDA:58,58,109,6
BRDA:67,67,110,6
BRDA:67,67,111,6
BRF:8
BRH:4
DA:7,6
DA:14,6
DA:15,6
DA:20,30
DA:22,24
DA:24,354
DA:35,0
DA:37,0
DA:38,0
DA:39,0
DA:40,0
DA:42,0
DA:43,0
DA:44,0
DA:45,0
DA:56,330
DA:58,330
DA:60,6
DA:61,6
DA:63,330
DA:65,330
DA:66,330
DA:67,330
DA:69,24
DA:72,330
DA:86,330
DA:87,330
DA:88,330
DA:93,24
DA:94,24
DA:95,24
LH:22
LF:31
end_of_record
SF:D:\Dev\test-utils\source\libraries\Bambit.TestUtility.DatabaseTools\DatabaseMappedClass.cs
FN:18,AssignValuesIfDefined(System.Collections.Generic.Dictionary`2<System.String,System.Object>)
FN:44,GetValue(System.String)
FN:60,AssignProperty(System.Reflection.PropertyInfo,System.Object)
FNDA:30,AssignValuesIfDefined(System.Collections.Generic.Dictionary`2<System.String,System.Object>)
FNDA:282,GetValue(System.String)
FNDA:90,AssignProperty(System.Reflection.PropertyInfo,System.Object)
FNF:3
FNH:3
BRDA:22,22,112,6
BRDA:22,22,113,6
BRDA:26,26,114,6
BRDA:26,26,115,-
BRDA:27,27,116,6
BRDA:27,27,117,6
BRDA:45,45,118,6
BRDA:45,45,119,-
BRDA:48,48,120,6
BRDA:48,48,121,-
BRDA:60,60,122,6
BRDA:60,60,123,6
BRF:12
BRH:9
DA:18,30
DA:19,30
DA:20,30
DA:21,30
DA:22,282
DA:26,114
DA:27,114
DA:29,90
DA:32,24
DA:44,282
DA:45,60
DA:46,0
DA:47,60
DA:48,60
DA:60,90
DA:61,6
DA:65,84
DA:66,78
DA:67,6
DA:69,6
DA:72,78
LH:20
LF:21
end_of_record
SF:D:\Dev\test-utils\source\libraries\Bambit.TestUtility.DatabaseTools\DatabaseRandomizer.cs
FN:14,get_TestDatabaseFactory()
FN:18,BuildFieldKey(System.String,System.String,System.String,System.String)
FN:36,RegisterTableFieldGenerator(System.String,System.String,System.String,System.String,System.Func`2<Bambit.TestUtility.DataGeneration.IRandomDataGenerator,System.Object>)
FN:51,GetTableFieldGenerator(System.String,System.String,System.String,System.String)
FN:66,InitializeObject(T)
FN:11,.ctor(Bambit.TestUtility.DatabaseTools.ITestDatabaseFactory)
FNDA:5820,get_TestDatabaseFactory()
FNDA:2898,BuildFieldKey(System.String,System.String,System.String,System.String)
FNDA:18,RegisterTableFieldGenerator(System.String,System.String,System.String,System.String,System.Func`2<Bambit.TestUtility.DataGeneration.IRandomDataGenerator,System.Object>)
FNDA:2880,GetTableFieldGenerator(System.String,System.String,System.String,System.String)
FNDA:348,InitializeObject(T)
FNDA:24,.ctor(Bambit.TestUtility.DatabaseTools.ITestDatabaseFactory)
FNF:6
FNH:6
BRDA:51,51,124,12
BRDA:51,51,125,12
BRDA:51,51,126,12
BRDA:51,51,127,12
BRDA:51,51,128,-
BRDA:51,51,129,-
BRDA:51,51,130,-
BRDA:51,51,131,-
BRDA:67,67,132,12
BRDA:67,67,133,12
BRDA:69,69,134,12
BRDA:69,69,135,12
BRDA:69,69,136,-
BRDA:69,69,137,-
BRDA:72,72,138,12
BRDA:72,72,139,6
BRDA:81,81,140,12
BRDA:81,81,141,12
BRDA:87,87,142,12
BRDA:87,87,143,12
BRDA:91,91,144,12
BRDA:91,91,145,6
BRF:22
BRH:16
DA:11,24
DA:13,24
DA:14,5820
DA:18,2898
DA:19,2898
DA:20,2898
DA:21,2898
DA:22,2898
DA:36,18
DA:37,18
DA:38,18
DA:51,2880
DA:52,2880
DA:53,2880
DA:54,2880
DA:55,2880
DA:56,2880
DA:57,0
DA:59,2880
DA:60,2880
DA:66,348
DA:67,348
DA:68,348
DA:69,3234
DA:70,348
DA:71,348
DA:72,348
DA:74,6
DA:77,342
DA:78,342
DA:79,342
DA:81,6444
DA:83,2880
DA:84,2880
DA:85,2880
DA:86,2880
DA:87,2880
DA:89,2880
DA:90,2880
DA:91,2880
DA:93,6
DA:97,2874
DA:102,342
LH:42
LF:43
end_of_record
SF:D:\Dev\test-utils\source\libraries\Bambit.TestUtility.DatabaseTools\ITestDbConnection.cs
FN:11,get_IsSuccess()
FNDA:348,get_IsSuccess()
FNF:1
FNH:1
BRF:0
BRH:0
DA:11,348
LH:1
LF:1
end_of_record
SF:D:\Dev\test-utils\source\libraries\Bambit.TestUtility.DatabaseTools\Exceptions\TableGenerationException.cs
FN:12,get_TableName()
FN:17,get_PropertyName()
FN:22,get_ConnectionName()
FN:27,.ctor()
FN:35,.ctor(System.String)
FN:44,.ctor(System.String,System.Exception)
FN:56,.ctor(System.String,System.String,System.String)
FN:72,.ctor(System.String,System.String,System.String,System.String)
FN:89,.ctor(System.String,System.String,System.String,System.String,System.Exception)
FN:106,.ctor(System.String,System.String,System.String,System.Exception)
FNDA:24,get_TableName()
FNDA:24,get_PropertyName()
FNDA:24,get_ConnectionName()
FNDA:6,.ctor()
FNDA:6,.ctor(System.String)
FNDA:6,.ctor(System.String,System.Exception)
FNDA:0,.ctor(System.String,System.String,System.String)
FNDA:0,.ctor(System.String,System.String,System.String,System.String)
FNDA:0,.ctor(System.String,System.String,System.String,System.String,System.Exception)
FNDA:6,.ctor(System.String,System.String,System.String,System.Exception)
FNF:10
FNH:7
BRF:0
BRH:0
DA:12,24
DA:17,24
DA:22,24
DA:27,6
DA:29,6
DA:35,6
DA:37,6
DA:44,6
DA:47,6
DA:56,0
DA:57,0
DA:59,0
DA:60,0
DA:61,0
DA:62,0
DA:72,0
DA:74,0
DA:75,0
DA:76,0
DA:77,0
DA:89,0
DA:91,0
DA:92,0
DA:93,0
DA:94,0
DA:106,6
DA:107,6
DA:108,6
DA:110,6
DA:111,6
DA:112,6
DA:113,6
LH:16
LF:32
end_of_record
SF:D:\Dev\test-utils\source\libraries\Bambit.TestUtility.DatabaseTools\ITestDbConnection.cs
FN:21,.cctor()
FNDA:12,.cctor()
FNF:1
FNH:1
BRF:0
BRH:0
DA:21,12
LH:1
LF:1
end_of_record
SF:D:\Dev\test-utils\source\libraries\Bambit.TestUtility.DatabaseTools\MappedDatabase.cs
FN:9,get_ConnectionString()
FNDA:7716,get_ConnectionString()
FNF:1
FNH:1
BRF:0
BRH:0
DA:9,7716
LH:1
LF:1
end_of_record
SF:D:\Dev\test-utils\source\libraries\Bambit.TestUtility.DatabaseTools\TableToClassBuilder.cs
FN:25,get_TestDatabaseFactory()
FN:48,GenerateObjectFromTable(System.String,System.String,System.String)
FN:56,GenerateClassTypeFromTable(System.String,System.String,System.String)
FN:95,Clean(System.String)
FN:100,CreateProperty(System.Reflection.Emit.TypeBuilder,Bambit.TestUtility.DatabaseTools.TableToClassBuilder/PropertyDefinition)
FN:184,GetPropertyType(Bambit.TestUtility.DatabaseTools.TableToClassBuilder/PropertyDefinition)
FN:261,CreateTypeBuilder(System.String)
FN:277,GetProperties(System.String,System.String,System.String)
FN:17,.ctor(Bambit.TestUtility.DatabaseTools.ITestDatabaseFactory)
FN:20,.cctor()
FN:32,get_Name()
FN:33,get_Type()
FN:34,get_IsNullable()
FN:35,get_MaxSize()
FN:36,get_Precision()
FN:37,get_Scale()
FN:38,get_IsComputed()
FNDA:5982,get_TestDatabaseFactory()
FNDA:564,GenerateObjectFromTable(System.String,System.String,System.String)
FNDA:1500,GenerateClassTypeFromTable(System.String,System.String,System.String)
FNDA:9510,Clean(System.String)
FNDA:5016,CreateProperty(System.Reflection.Emit.TypeBuilder,Bambit.TestUtility.DatabaseTools.TableToClassBuilder/PropertyDefinition)
FNDA:5016,GetPropertyType(Bambit.TestUtility.DatabaseTools.TableToClassBuilder/PropertyDefinition)
FNDA:1500,CreateTypeBuilder(System.String)
FNDA:1500,GetProperties(System.String,System.String,System.String)
FNDA:1482,.ctor(Bambit.TestUtility.DatabaseTools.ITestDatabaseFactory)
FNDA:18,.cctor()
FNDA:15036,get_Name()
FNDA:15042,get_Type()
FNDA:8352,get_IsNullable()
FNDA:7194,get_MaxSize()
FNDA:5922,get_Precision()
FNDA:5922,get_Scale()
FNDA:10026,get_IsComputed()
FNF:17
FNH:17
BRDA:73,73,146,18
BRDA:73,73,147,18
BRDA:101,101,148,18
BRDA:101,101,149,6
BRDA:149,149,150,18
BRDA:149,149,151,18
BRDA:149,149,152,18
BRDA:149,149,153,18
BRDA:157,157,154,18
BRDA:157,157,155,18
BRDA:157,157,156,18
BRDA:157,157,157,18
BRDA:157,157,158,18
BRDA:157,157,159,18
BRDA:157,157,160,18
BRDA:157,157,161,18
BRDA:157,157,162,18
BRDA:157,157,163,18
BRDA:157,157,164,18
BRDA:157,157,165,18
BRDA:157,157,166,18
BRDA:157,157,167,18
BRDA:172,172,168,18
BRDA:172,172,169,18
BRDA:184,184,170,18
BRDA:184,184,171,18
BRDA:184,184,172,18
BRDA:184,184,173,18
BRDA:184,184,174,18
BRDA:184,184,175,18
BRDA:184,184,176,18
BRDA:184,184,177,18
BRDA:184,184,178,18
BRDA:184,184,179,18
BRDA:184,184,180,18
BRDA:184,184,181,18
BRDA:184,184,182,18
BRDA:184,184,183,18
BRDA:184,184,184,18
BRDA:184,184,185,18
BRDA:184,184,186,18
BRDA:184,184,187,18
BRDA:184,184,188,18
BRDA:184,184,189,18
BRDA:184,184,190,18
BRDA:184,184,191,18
BRDA:184,184,192,18
BRDA:184,184,193,18
BRDA:184,184,194,18
BRDA:184,184,195,18
BRDA:184,184,196,18
BRDA:184,184,197,18
BRDA:184,184,198,18
BRDA:184,184,199,18
BRDA:184,184,200,18
BRDA:184,184,201,18
BRDA:184,184,202,18
BRDA:184,184,203,18
BRDA:184,184,204,18
BRDA:184,184,205,18
BRDA:184,184,206,18
BRDA:184,184,207,18
BRDA:184,184,208,18
BRDA:184,184,209,18
BRDA:184,184,210,18
BRDA:184,184,211,18
BRDA:184,184,212,18
BRDA:184,184,213,18
BRDA:184,184,214,18
BRDA:184,184,215,18
BRDA:184,184,216,18
BRDA:184,184,217,18
BRDA:184,184,218,18
BRDA:184,184,219,18
BRDA:184,184,220,18
BRDA:184,184,221,18
BRDA:184,184,222,18
BRDA:184,184,223,12
BRDA:184,184,224,12
BRDA:184,184,225,12
BRDA:184,184,226,12
BRDA:184,184,227,12
BRDA:184,184,228,12
BRDA:184,184,229,12
BRDA:184,184,230,12
BRDA:184,184,231,12
BRDA:184,184,232,12
BRDA:184,184,233,12
BRDA:184,184,234,12
BRDA:184,184,235,12
BRDA:184,184,236,12
BRDA:184,184,237,12
BRDA:184,184,238,12
BRDA:184,184,239,12
BRDA:184,184,240,12
BRDA:184,184,241,12
BRDA:184,184,242,12
BRDA:184,184,243,12
BRDA:184,184,244,12
BRDA:184,184,245,12
BRDA:184,184,246,12
BRDA:184,184,247,12
BRDA:184,184,248,12
BRDA:184,184,249,12
BRDA:184,184,250,12
BRDA:184,184,251,12
BRDA:184,184,252,12
BRDA:184,184,253,12
BRDA:184,184,254,12
BRDA:184,184,255,12
BRDA:184,184,256,12
BRDA:184,184,257,12
BRDA:184,184,258,12
BRDA:184,184,259,12
BRDA:184,184,260,12
BRDA:184,184,261,12
BRDA:184,184,262,12
BRDA:184,184,263,12
BRDA:184,184,264,12
BRDA:184,184,265,6
BRDA:184,184,266,6
BRDA:184,184,267,6
BRDA:184,184,268,6
BRDA:184,184,269,6
BRDA:184,184,270,6
BRDA:184,184,271,6
BRDA:184,184,272,6
BRDA:184,184,273,6
BRDA:184,184,274,6
BRDA:184,184,275,6
BRDA:184,184,276,6
BRDA:184,184,277,6
BRDA:184,184,278,6
BRDA:184,184,279,6
BRDA:184,184,280,6
BRDA:184,184,281,6
BRDA:184,184,282,6
BRDA:184,184,283,6
BRDA:184,184,284,6
BRDA:184,184,285,6
BRDA:184,184,286,6
BRDA:184,184,287,6
BRDA:184,184,288,6
BRDA:184,184,289,6
BRDA:184,184,290,6
BRDA:184,184,291,6
BRDA:184,184,292,6
BRDA:184,184,293,6
BRDA:184,184,294,6
BRDA:184,184,295,6
BRDA:184,184,296,6
BRDA:184,184,297,6
BRDA:184,184,298,6
BRDA:184,184,299,6
BRDA:184,184,300,6
BRDA:184,184,301,6
BRDA:184,184,302,6
BRDA:184,184,303,6
BRDA:184,184,304,6
BRDA:184,184,305,6
BRDA:184,184,306,6
BRDA:184,184,307,6
BRDA:184,184,308,6
BRDA:184,184,309,6
BRDA:184,184,310,6
BRDA:184,184,311,6
BRDA:184,184,312,6
BRDA:184,184,313,6
BRDA:184,184,314,6
BRDA:184,184,315,6
BRDA:184,184,316,6
BRDA:184,184,317,6
BRDA:184,184,318,6
BRDA:184,184,319,6
BRDA:184,184,320,6
BRDA:184,184,321,6
BRDA:184,184,322,6
BRDA:184,184,323,6
BRDA:184,184,324,6
BRDA:184,184,325,6
BRDA:184,184,326,6
BRDA:184,184,327,6
BRDA:184,184,328,6
BRDA:184,184,329,6
BRDA:184,184,330,6
BRDA:184,184,331,6
BRDA:184,184,332,6
BRDA:184,184,333,6
BRDA:184,184,334,-
BRDA:189,189,335,18
BRDA:189,189,336,12
BRDA:200,200,337,18
BRDA:200,200,338,12
BRDA:206,206,339,18
BRDA:206,206,340,12
BRDA:209,209,341,12
BRDA:209,209,342,12
BRDA:215,215,343,18
BRDA:215,215,344,12
BRDA:220,220,345,12
BRDA:220,220,346,12
BRDA:223,223,347,18
BRDA:223,223,348,18
BRDA:236,236,349,18
BRDA:236,236,350,12
BRDA:240,240,351,12
BRDA:240,240,352,12
BRDA:244,244,353,18
BRDA:244,244,354,12
BRDA:248,248,355,18
BRDA:248,248,356,12
BRDA:293,293,357,18
BRDA:293,293,358,18
BRF:213
BRH:212
DA:17,1482
DA:20,18
DA:25,5982
DA:32,15036
DA:33,15042
DA:34,8352
DA:35,7194
DA:36,5922
DA:37,5922
DA:38,10026
DA:48,564
DA:49,564
DA:56,1500
DA:58,1500
DA:59,1500
DA:60,1500
DA:61,1500
DA:62,1500
DA:63,1500
DA:65,1500
DA:66,1500
DA:67,1500
DA:69,1500
DA:70,1500
DA:73,13032
DA:76,5016
DA:77,5016
DA:78,0
DA:80,0
DA:84,1500
DA:85,1500
DA:95,9510
DA:100,5016
DA:101,5016
DA:103,6
DA:106,5010
DA:107,5010
DA:108,5010
DA:110,5010
DA:111,5010
DA:112,5010
DA:113,5010
DA:114,5010
DA:115,5010
DA:117,5010
DA:118,5010
DA:119,5010
DA:121,5010
DA:122,5010
DA:123,5010
DA:124,5010
DA:125,5010
DA:126,5010
DA:128,5010
DA:129,5010
DA:130,5010
DA:132,5010
DA:133,5010
DA:134,5010
DA:135,5010
DA:137,5010
DA:138,5010
DA:139,5010
DA:141,5010
DA:142,5010
DA:144,5010
DA:145,5010
DA:146,5010
DA:147,5010
DA:149,5010
DA:152,1026
DA:153,1026
DA:154,1026
DA:155,1026
DA:157,3984
DA:158,3984
DA:159,3984
DA:160,3984
DA:161,3984
DA:162,3984
DA:163,3984
DA:165,906
DA:166,906
DA:167,906
DA:169,906
DA:172,5010
DA:174,582
DA:175,582
DA:176,582
DA:177,582
DA:179,5010
DA:184,5016
DA:189,366
DA:190,366
DA:195,522
DA:196,522
DA:200,246
DA:201,246
DA:206,660
DA:207,660
DA:209,162
DA:210,162
DA:215,672
DA:216,672
DA:220,234
DA:221,234
DA:223,204
DA:224,204
DA:232,1152
DA:233,1152
DA:236,210
DA:237,210
DA:240,198
DA:241,198
DA:244,210
DA:245,210
DA:248,174
DA:249,174
DA:251,6
DA:255,5016
DA:261,1500
DA:262,1500
DA:263,1500
DA:264,1500
DA:265,1500
DA:266,1500
DA:267,1500
DA:268,1500
DA:269,1500
DA:270,1500
DA:271,1500
DA:277,1500
DA:279,1500
DA:280,1500
DA:281,1500
DA:283,1500
DA:284,1500
DA:286,1500
DA:287,1500
DA:288,1500
DA:289,1500
DA:290,1500
DA:292,1500
DA:293,6516
DA:295,5016
DA:296,5016
DA:297,5016
DA:298,5016
DA:299,5016
DA:300,5016
DA:301,5016
DA:302,5016
DA:303,5016
DA:304,5016
DA:305,5016
DA:306,5016
DA:312,1500
DA:314,1500
LH:156
LF:158
end_of_record
SF:D:\Dev\test-utils\source\libraries\Bambit.TestUtility.DatabaseTools\TestDatabaseFactory.cs
FN:14,get_ConnectionMap()
FN:42,GetConnection(System.String)
FN:55,GetGenerator(System.String)
FN:61,GetConnectionString(System.String)
FN:67,RegisterDatabaseInformation(System.String,Bambit.TestUtility.DatabaseTools.IDatabaseCatalogRecord)
FN:73,GetCleanIdentifierFunc(System.String)
FN:79,GetEscapeIdentifierFunc(System.String)
FN:94,OnMessageReceived(Bambit.TestUtility.DatabaseTools.ITestDbConnection,System.String)
FN:13,.ctor(Bambit.TestUtility.DatabaseTools.TestDatabaseFactoryOptions)
FNDA:7194,get_ConnectionMap()
FNDA:426,GetConnection(System.String)
FNDA:6612,GetGenerator(System.String)
FNDA:156,GetConnectionString(System.String)
FNDA:174,RegisterDatabaseInformation(System.String,Bambit.TestUtility.DatabaseTools.IDatabaseCatalogRecord)
FNDA:2874,GetCleanIdentifierFunc(System.String)
FNDA:2874,GetEscapeIdentifierFunc(System.String)
FNDA:204,OnMessageReceived(Bambit.TestUtility.DatabaseTools.ITestDbConnection,System.String)
FNDA:174,.ctor(Bambit.TestUtility.DatabaseTools.TestDatabaseFactoryOptions)
FNF:9
FNH:9
BRDA:95,95,359,12
BRDA:95,95,360,12
BRDA:30,30,361,12
BRDA:30,30,362,12
BRDA:33,33,363,12
BRDA:33,33,364,12
BRF:6
BRH:6
DA:13,174
DA:14,7194
DA:27,174
DA:29,174
DA:30,696
DA:32,174
DA:33,174
DA:35,174
DA:38,174
DA:42,426
DA:44,426
DA:45,426
DA:46,426
DA:47,630
DA:48,426
DA:55,6612
DA:56,6612
DA:61,156
DA:67,174
DA:68,174
DA:73,2874
DA:79,2874
DA:94,204
DA:95,204
DA:97,144
DA:99,204
LH:26
LF:26
end_of_record
SF:D:\Dev\test-utils\source\libraries\Bambit.TestUtility.DatabaseTools\TestDatabaseFactoryOptions.cs
FN:11,get_MappedDatabases()
FN:15,get_DatabaseCatalogRecordMap()
FNDA:696,get_MappedDatabases()
FNDA:696,get_DatabaseCatalogRecordMap()
FNF:2
FNH:2
BRF:0
BRH:0
DA:11,696
DA:15,696
LH:2
LF:2
end_of_record
SF:D:\Dev\test-utils\source\libraries\Bambit.TestUtility.DatabaseTools\TestDbConnection.cs
FN:15,get_Connection()
FN:17,get_CommandTimeout()
FN:22,get_OutputMessagesStore()
FN:25,get_OutputMessages()
FN:30,Dispose()
FN:37,BeginTransaction()
FN:43,BeginTransaction(System.Data.IsolationLevel)
FN:49,ChangeDatabase(System.String)
FN:55,Close()
FN:61,CreateCommand()
FN:73,Open()
FN:85,get_ConnectionString()
FN:86,set_ConnectionString(System.String)
FN:89,get_ConnectionTimeout()
FN:91,get_Database()
FN:93,get_State()
FN:103,ClearInfoMessages()
FN:128,AddReceivedMessage(System.String)
FN:138,ExecuteScalar(System.String)
FN:147,ExecuteQuery(System.String)
FN:157,ExecuteReader(System.String)
FN:10,.ctor(System.Data.IDbConnection)
FNDA:5292,get_Connection()
FNDA:3870,get_CommandTimeout()
FNDA:900,get_OutputMessagesStore()
FNDA:12,get_OutputMessages()
FNDA:438,Dispose()
FNDA:12,BeginTransaction()
FNDA:6,BeginTransaction(System.Data.IsolationLevel)
FNDA:6,ChangeDatabase(System.String)
FNDA:6,Close()
FNDA:2268,CreateCommand()
FNDA:738,Open()
FNDA:12,get_ConnectionString()
FNDA:6,set_ConnectionString(System.String)
FNDA:6,get_ConnectionTimeout()
FNDA:6,get_Database()
FNDA:12,get_State()
FNDA:0,ClearInfoMessages()
FNDA:276,AddReceivedMessage(System.String)
FNDA:54,ExecuteScalar(System.String)
FNDA:270,ExecuteQuery(System.String)
FNDA:48,ExecuteReader(System.String)
FNDA:768,.ctor(System.Data.IDbConnection)
FNF:22
FNH:21
BRDA:62,62,365,12
BRDA:62,62,366,6
BRDA:129,129,367,12
BRDA:129,129,368,12
BRF:4
BRH:4
DA:10,768
DA:15,5292
DA:17,3870
DA:22,900
DA:25,12
DA:30,438
DA:31,438
DA:32,438
DA:37,12
DA:43,6
DA:49,6
DA:50,6
DA:55,6
DA:56,6
DA:61,2268
DA:62,2268
DA:63,1194
DA:64,2268
DA:73,738
DA:74,738
DA:75,0
DA:77,0
DA:79,738
DA:85,12
DA:86,6
DA:89,6
DA:91,6
DA:93,12
DA:103,0
DA:104,0
DA:128,276
DA:129,276
DA:131,276
DA:133,276
DA:138,54
DA:140,54
DA:141,54
DA:143,54
DA:147,270
DA:149,270
DA:150,270
DA:152,528
DA:157,48
DA:158,48
DA:159,48
DA:160,48
DA:161,48
LH:43
LF:47
end_of_record
SF:D:\Dev\test-utils\source\libraries\Bambit.TestUtility.DatabaseTools\TestDbConnectionMessageReceivedEvent.cs
FN:8,get_Connection()
FNDA:288,get_Connection()
FNF:1
FNH:1
BRF:0
BRH:0
DA:8,288
LH:1
LF:1
end_of_record
SF:D:\Dev\test-utils\source\libraries\Bambit.TestUtility.DatabaseTools.SpecFlow\BaseSteps.cs
FN:25,get_Configuration()
FN:37,get_LastResultSet()
FN:38,set_LastResultSet(Bambit.TestUtility.DatabaseTools.SpecFlow.Mapping.MappedTable)
FN:43,get_Variables()
FN:56,ReplaceVariable(System.String)
FN:72,VerifyCompareResults(Bambit.TestUtility.DatabaseTools.DataComparisonResults)
FN:13,.ctor(TechTalk.SpecFlow.ScenarioContext)
FNDA:234,get_Configuration()
FNDA:6,get_LastResultSet()
FNDA:6,set_LastResultSet(Bambit.TestUtility.DatabaseTools.SpecFlow.Mapping.MappedTable)
FNDA:12,get_Variables()
FNDA:636,ReplaceVariable(System.String)
FNDA:66,VerifyCompareResults(Bambit.TestUtility.DatabaseTools.DataComparisonResults)
FNDA:354,.ctor(TechTalk.SpecFlow.ScenarioContext)
FNF:7
FNH:7
BRDA:56,56,369,6
BRDA:56,56,370,6
BRDA:56,56,371,6
BRDA:56,56,372,6
BRDA:58,58,373,6
BRDA:58,58,374,6
BRDA:72,72,375,6
BRDA:72,72,376,6
BRDA:74,74,377,6
BRDA:74,74,378,-
BRDA:76,76,379,6
BRDA:76,76,380,-
BRF:12
BRH:10
DA:13,354
DA:20,354
DA:25,234
DA:30,354
DA:37,6
DA:38,6
DA:43,12
DA:56,636
DA:58,12
DA:59,12
DA:60,12
DA:63,624
DA:72,66
DA:73,60
DA:74,6
DA:76,6
DA:78,6
DA:79,6
DA:83,0
DA:86,0
DA:87,0
DA:88,0
LH:18
LF:22
end_of_record
SF:D:\Dev\test-utils\source\libraries\Bambit.TestUtility.DatabaseTools.SpecFlow\Config.cs
FN:98,get_Configuration()
FN:109,get_ConfigurationBacker()
FN:126,Initialize(Bambit.TestUtility.DatabaseTools.TestDatabaseFactoryOptions,Bambit.TestUtility.DatabaseTools.SpecFlow.Configuration.SpecFlowUtilitiesConfiguration)
FN:145,VerifyConfigIsNotNull()
FN:158,get_Randomizer()
FN:170,RegisterContextVariables(TechTalk.SpecFlow.ScenarioContext)
FN:16,.cctor()
FN:52,get_SpecFlowUtilitiesConfiguration()
FN:60,get_TestDatabaseFactoryOptions()
FN:68,get_TestDatabaseFactory()
FN:76,get_DatabaseClassFactory()
FN:84,get_DatabaseRandomizer()
FN:36,.ctor(Bambit.TestUtility.DatabaseTools.TestDatabaseFactoryOptions,Bambit.TestUtility.DatabaseTools.SpecFlow.Configuration.SpecFlowUtilitiesConfiguration)
FNDA:624,get_Configuration()
FNDA:1980,get_ConfigurationBacker()
FNDA:6,Initialize(Bambit.TestUtility.DatabaseTools.TestDatabaseFactoryOptions,Bambit.TestUtility.DatabaseTools.SpecFlow.Configuration.SpecFlowUtilitiesConfiguration)
FNDA:768,VerifyConfigIsNotNull()
FNDA:330,get_Randomizer()
FNDA:144,RegisterContextVariables(TechTalk.SpecFlow.ScenarioContext)
FNDA:6,.cctor()
FNDA:150,get_SpecFlowUtilitiesConfiguration()
FNDA:6,get_TestDatabaseFactoryOptions()
FNDA:450,get_TestDatabaseFactory()
FNDA:150,get_DatabaseClassFactory()
FNDA:486,get_DatabaseRandomizer()
FNDA:6,.ctor(Bambit.TestUtility.DatabaseTools.TestDatabaseFactoryOptions,Bambit.TestUtility.DatabaseTools.SpecFlow.Configuration.SpecFlowUtilitiesConfiguration)
FNF:13
FNH:13
BRDA:128,128,381,6
BRDA:128,128,382,6
BRDA:145,145,383,6
BRDA:145,145,384,-
BRF:4
BRH:3
DA:16,6
DA:36,6
DA:38,6
DA:40,6
DA:41,6
DA:42,6
DA:43,6
DA:44,6
DA:52,150
DA:60,6
DA:68,450
DA:76,150
DA:84,486
DA:98,624
DA:99,624
DA:109,1980
DA:126,6
DA:128,6
DA:129,6
DA:131,6
DA:145,768
DA:147,0
DA:148,0
DA:150,768
DA:158,330
DA:170,144
DA:171,144
DA:172,144
DA:173,144
DA:174,144
DA:175,144
LH:29
LF:31
end_of_record
SF:D:\Dev\test-utils\source\libraries\Bambit.TestUtility.DatabaseTools.SpecFlow\Configuration\SpecFlowUtilitiesConfiguration.cs
FN:41,Clone()
FN:54,get_NullStringIdentifier()
FN:55,set_NullStringIdentifier(System.String)
FN:61,get_TimeoutSeconds()
FN:19,.ctor()
FN:27,.ctor(System.String)
FNDA:144,Clone()
FNDA:894,get_NullStringIdentifier()
FNDA:306,set_NullStringIdentifier(System.String)
FNDA:930,get_TimeoutSeconds()
FNDA:150,.ctor()
FNDA:150,.ctor(System.String)
FNF:6
FNH:6
BRDA:54,54,385,6
BRDA:54,54,386,-
BRF:2
BRH:1
DA:19,150
DA:21,150
DA:27,150
DA:29,150
DA:30,150
DA:41,144
DA:42,144
DA:43,144
DA:44,144
DA:45,144
DA:46,144
DA:54,894
DA:55,306
DA:61,930
LH:14
LF:14
end_of_record
SF:D:\Dev\test-utils\source\libraries\Bambit.TestUtility.DatabaseTools.SpecFlow\ConfigurationSteps.cs
FN:25,set_NullCode(System.String)
FN:36,set_Timeout(System.Int32)
FN:48,TreatEmptyStringsAsNull()
FN:62,SetQueryTimeout(System.Int32)
FN:15,.ctor(TechTalk.SpecFlow.ScenarioContext)
FNDA:6,set_NullCode(System.String)
FNDA:12,set_Timeout(System.Int32)
FNDA:6,TreatEmptyStringsAsNull()
FNDA:12,SetQueryTimeout(System.Int32)
FNDA:18,.ctor(TechTalk.SpecFlow.ScenarioContext)
FNF:5
FNH:5
BRF:0
BRH:0
DA:15,18
DA:25,6
DA:36,12
DA:48,6
DA:49,6
DA:62,12
DA:63,12
LH:7
LF:7
end_of_record
SF:D:\Dev\test-utils\source\libraries\Bambit.TestUtility.DatabaseTools.SpecFlow\DatabaseGeneralSteps.cs
FN:29,SetCurrentDatabase(System.String)
FN:45,DefineVariable(System.String,System.String,System.String)
FN:16,.ctor(TechTalk.SpecFlow.ScenarioContext,TechTalk.SpecFlow.Infrastructure.ISpecFlowOutputHelper)
FNDA:156,SetCurrentDatabase(System.String)
FNDA:12,DefineVariable(System.String,System.String,System.String)
FNDA:144,.ctor(TechTalk.SpecFlow.ScenarioContext,TechTalk.SpecFlow.Infrastructure.ISpecFlowOutputHelper)
FNF:3
FNH:3
BRDA:47,47,387,6
BRDA:47,47,388,6
BRF:2
BRH:2
DA:16,144
DA:29,156
DA:30,156
DA:45,12
DA:47,12
DA:50,6
DA:51,6
DA:53,6
DA:54,6
DA:58,12
LH:10
LF:10
end_of_record
SF:D:\Dev\test-utils\source\libraries\Bambit.TestUtility.DatabaseTools.SpecFlow\DatabaseSteps.cs
FN:28,get_OutputHelper()
FN:38,get_LastDatabaseConnectionName()
FN:39,set_LastDatabaseConnectionName(System.String)
FN:54,OpenConnectionForName(System.String)
FN:67,GetCurrentConnector()
FN:86,CompareTableToDataset(System.String,System.String,System.String,Bambit.TestUtility.DatabaseTools.SpecFlow.Mapping.MappedTable,System.Boolean)
FN:110,GenerateAndPersistDatabaseTableObjects(System.String,System.String,System.String,Bambit.TestUtility.DatabaseTools.SpecFlow.Mapping.MappedTable)
FN:144,CreateCommand(System.Data.IDbConnection)
FN:162,ExecuteQuery(System.Data.IDbConnection,System.String)
FN:179,CompareTables(Bambit.TestUtility.DatabaseTools.SpecFlow.Mapping.MappedTable,Bambit.TestUtility.DatabaseTools.SpecFlow.Mapping.MappedTable)
FN:203,ExecuteQueryForResults(Bambit.TestUtility.DatabaseTools.ITestDbConnection,System.String)
FN:20,.ctor(TechTalk.SpecFlow.ScenarioContext,TechTalk.SpecFlow.Infrastructure.ISpecFlowOutputHelper)
FNDA:366,get_OutputHelper()
FNDA:96,get_LastDatabaseConnectionName()
FNDA:0,set_LastDatabaseConnectionName(System.String)
FNDA:276,OpenConnectionForName(System.String)
FNDA:120,GetCurrentConnector()
FNDA:66,CompareTableToDataset(System.String,System.String,System.String,Bambit.TestUtility.DatabaseTools.SpecFlow.Mapping.MappedTable,System.Boolean)
FNDA:120,GenerateAndPersistDatabaseTableObjects(System.String,System.String,System.String,Bambit.TestUtility.DatabaseTools.SpecFlow.Mapping.MappedTable)
FNDA:108,CreateCommand(System.Data.IDbConnection)
FNDA:108,ExecuteQuery(System.Data.IDbConnection,System.String)
FNDA:36,CompareTables(Bambit.TestUtility.DatabaseTools.SpecFlow.Mapping.MappedTable,Bambit.TestUtility.DatabaseTools.SpecFlow.Mapping.MappedTable)
FNDA:36,ExecuteQueryForResults(Bambit.TestUtility.DatabaseTools.ITestDbConnection,System.String)
FNDA:336,.ctor(TechTalk.SpecFlow.ScenarioContext,TechTalk.SpecFlow.Infrastructure.ISpecFlowOutputHelper)
FNF:12
FNH:11
BRDA:114,114,389,6
BRDA:114,114,390,6
BRDA:120,120,391,6
BRDA:120,120,392,6
BRDA:145,145,393,6
BRDA:145,145,394,6
BRF:6
BRH:6
DA:20,336
DA:28,366
DA:38,96
DA:39,0
DA:54,276
DA:67,120
DA:86,66
DA:87,66
DA:88,216
DA:89,66
DA:90,66
DA:91,66
DA:93,60
DA:94,120
DA:110,120
DA:111,120
DA:114,882
DA:116,330
DA:117,330
DA:118,330
DA:120,330
DA:122,6
DA:123,18
DA:124,6
DA:127,324
DA:129,102
DA:130,102
DA:144,108
DA:145,108
DA:146,108
DA:147,108
DA:162,108
DA:163,108
DA:164,108
DA:165,108
DA:166,216
DA:179,36
DA:180,36
DA:181,54
DA:182,36
DA:183,36
DA:184,54
DA:185,36
DA:186,108
DA:187,36
DA:188,72
DA:203,36
DA:204,36
DA:205,36
DA:206,36
DA:207,36
LH:50
LF:51
end_of_record
SF:D:\Dev\test-utils\source\libraries\Bambit.TestUtility.DatabaseTools.SpecFlow\Hooks.cs
FN:28,BeforeTestRun()
FN:51,BeforeScenarioRegisterContextVariables(TechTalk.SpecFlow.ScenarioContext,TechTalk.SpecFlow.Infrastructure.ISpecFlowOutputHelper)
FN:71,AfterScenarioUnregisterMessageHandler(TechTalk.SpecFlow.ScenarioContext,TechTalk.SpecFlow.Infrastructure.ISpecFlowOutputHelper)
FNDA:6,BeforeTestRun()
FNDA:144,BeforeScenarioRegisterContextVariables(TechTalk.SpecFlow.ScenarioContext,TechTalk.SpecFlow.Infrastructure.ISpecFlowOutputHelper)
FNDA:144,AfterScenarioUnregisterMessageHandler(TechTalk.SpecFlow.ScenarioContext,TechTalk.SpecFlow.Infrastructure.ISpecFlowOutputHelper)
FNF:3
FNH:3
BRDA:36,36,395,6
BRDA:36,36,396,-
BRDA:73,73,397,6
BRDA:73,73,398,6
BRF:4
BRH:3
DA:28,6
DA:29,6
DA:30,6
DA:31,6
DA:32,6
DA:33,6
DA:35,6
DA:36,6
DA:37,6
DA:51,144
DA:52,144
DA:53,228
DA:55,144
DA:56,144
DA:57,144
DA:71,144
DA:72,144
DA:73,144
DA:75,144
DA:79,144
LH:20
LF:20
end_of_record
SF:D:\Dev\test-utils\source\libraries\Bambit.TestUtility.DatabaseTools.SpecFlow\Mapping\ColumnDescription.cs
FN:22,get_ColumnName()
FN:30,get_ColumnType()
FN:38,get_CleanedName()
FN:46,get_ColumnIndex()
FN:51,ToString()
FN:14,.ctor(System.String,System.String,System.String,System.Int32)
FNDA:19062,get_ColumnName()
FNDA:3612,get_ColumnType()
FNDA:14016,get_CleanedName()
FNDA:3522,get_ColumnIndex()
FNDA:6,ToString()
FNDA:2676,.ctor(System.String,System.String,System.String,System.Int32)
FNF:6
FNH:6
BRF:0
BRH:0
DA:14,2676
DA:22,19062
DA:30,3612
DA:38,14016
DA:46,3522
DA:51,6
LH:6
LF:6
end_of_record
SF:D:\Dev\test-utils\source\libraries\Bambit.TestUtility.DatabaseTools.SpecFlow\Mapping\MappedRow.cs
FN:25,get_Owner()
FN:45,ContainsKey(System.String)
FN:60,System.Collections.Generic.IDictionary<System.String,System.String>.get_Values()
FN:68,get_Items()
FN:143,ColumnIndex(System.String)
FN:160,GetDbValue(System.Int32,System.String)
FN:197,GetDbValue(System.String,System.String)
FN:233,GetDbValues(System.String)
FN:256,GetString(System.String,System.String)
FN:275,GetString(System.Int32,System.String)
FN:294,HasColumn(System.String)
FN:332,System.Collections.IEnumerable.GetEnumerator()
FN:347,Add(System.Collections.Generic.KeyValuePair`2<System.String,System.String>)
FN:363,Add(System.String,System.String)
FN:376,Clear()
FN:398,Contains(System.Collections.Generic.KeyValuePair`2<System.String,System.String>)
FN:422,CopyTo(System.Collections.Generic.KeyValuePair`2<System.String,System.String>[],System.Int32)
FN:443,Remove(System.Collections.Generic.KeyValuePair`2<System.String,System.String>)
FN:456,get_Count()
FN:470,get_IsReadOnly()
FN:490,Remove(System.String)
FN:512,TryGetValue(System.String,System.String&)
FN:538,get_Item(System.String)
FN:543,set_Item(System.String,System.String)
FN:560,get_Item(System.Int32)
FN:561,set_Item(System.Int32,System.String)
FN:575,get_Keys()
FN:589,get_Values()
FN:83,.ctor(Bambit.TestUtility.DatabaseTools.SpecFlow.Mapping.MappedTable)
FN:98,.ctor(Bambit.TestUtility.DatabaseTools.SpecFlow.Mapping.MappedTable,TechTalk.SpecFlow.TableRow)
FN:112,.ctor(Bambit.TestUtility.DatabaseTools.SpecFlow.Mapping.MappedTable,System.Data.IDataReader)
FN:311,GetEnumerator()
FNDA:10794,get_Owner()
FNDA:12,ContainsKey(System.String)
FNDA:6,System.Collections.Generic.IDictionary<System.String,System.String>.get_Values()
FNDA:6462,get_Items()
FNDA:9276,ColumnIndex(System.String)
FNDA:696,GetDbValue(System.Int32,System.String)
FNDA:54,GetDbValue(System.String,System.String)
FNDA:420,GetDbValues(System.String)
FNDA:666,GetString(System.String,System.String)
FNDA:666,GetString(System.Int32,System.String)
FNDA:84,HasColumn(System.String)
FNDA:6,System.Collections.IEnumerable.GetEnumerator()
FNDA:6,Add(System.Collections.Generic.KeyValuePair`2<System.String,System.String>)
FNDA:6,Add(System.String,System.String)
FNDA:6,Clear()
FNDA:18,Contains(System.Collections.Generic.KeyValuePair`2<System.String,System.String>)
FNDA:6,CopyTo(System.Collections.Generic.KeyValuePair`2<System.String,System.String>[],System.Int32)
FNDA:6,Remove(System.Collections.Generic.KeyValuePair`2<System.String,System.String>)
FNDA:6,get_Count()
FNDA:6,get_IsReadOnly()
FNDA:6,Remove(System.String)
FNDA:6978,TryGetValue(System.String,System.String&)
FNDA:78,get_Item(System.String)
FNDA:1236,set_Item(System.String,System.String)
FNDA:72,get_Item(System.Int32)
FNDA:72,set_Item(System.Int32,System.String)
FNDA:6,get_Keys()
FNDA:1494,get_Values()
FNDA:1644,.ctor(Bambit.TestUtility.DatabaseTools.SpecFlow.Mapping.MappedTable)
FNDA:1548,.ctor(Bambit.TestUtility.DatabaseTools.SpecFlow.Mapping.MappedTable,TechTalk.SpecFlow.TableRow)
FNDA:96,.ctor(Bambit.TestUtility.DatabaseTools.SpecFlow.Mapping.MappedTable,System.Data.IDataReader)
FNDA:762,GetEnumerator()
FNF:32
FNH:32
BRDA:163,163,399,6
BRDA:163,163,400,6
BRDA:163,163,401,6
BRDA:163,163,402,6
BRDA:166,166,403,6
BRDA:166,166,404,6
BRDA:166,166,405,6
BRDA:166,166,406,6
BRDA:172,172,407,6
BRDA:172,172,408,6
BRDA:174,174,409,6
BRDA:174,174,410,6
BRDA:174,174,411,6
BRDA:174,174,412,6
BRDA:174,174,413,6
BRDA:174,174,414,6
BRDA:174,174,415,6
BRDA:174,174,416,-
BRDA:198,198,417,6
BRDA:198,198,418,6
BRDA:201,201,419,6
BRDA:201,201,420,6
BRDA:201,201,421,6
BRDA:201,201,422,6
BRDA:203,203,423,6
BRDA:203,203,424,6
BRDA:203,203,425,6
BRDA:203,203,426,6
BRDA:209,209,427,6
BRDA:209,209,428,6
BRDA:211,211,429,6
BRDA:211,211,430,6
BRDA:211,211,431,6
BRDA:211,211,432,6
BRDA:211,211,433,6
BRDA:211,211,434,6
BRDA:211,211,435,6
BRDA:211,211,436,-
BRDA:234,234,437,6
BRDA:234,234,438,6
BRDA:275,275,439,6
BRDA:275,275,440,-
BRDA:276,276,441,6
BRDA:276,276,442,6
BRDA:399,399,443,6
BRDA:399,399,444,6
BRDA:401,401,445,6
BRDA:401,401,446,-
BRDA:513,513,447,6
BRDA:513,513,448,6
BRDA:544,544,449,6
BRDA:544,544,450,6
BRDA:118,118,451,6
BRDA:118,118,452,6
BRDA:312,312,453,6
BRDA:312,312,454,6
BRF:56
BRH:52
DA:25,10794
DA:45,12
DA:60,6
DA:68,6462
DA:83,1644
DA:85,1644
DA:87,1644
DA:98,1548
DA:100,1548
DA:101,1548
DA:112,96
DA:114,96
DA:115,96
DA:116,96
DA:117,342
DA:118,342
DA:119,342
DA:120,342
DA:121,96
DA:122,96
DA:143,9276
DA:160,696
DA:161,696
DA:163,696
DA:164,42
DA:166,654
DA:169,168
DA:171,42
DA:172,42
DA:174,36
DA:175,36
DA:176,6
DA:180,480
DA:197,54
DA:198,54
DA:199,6
DA:200,48
DA:201,48
DA:202,6
DA:203,42
DA:206,6
DA:208,18
DA:209,18
DA:211,12
DA:212,12
DA:213,6
DA:217,30
DA:233,420
DA:234,2136
DA:236,648
DA:238,420
DA:256,666
DA:257,666
DA:275,666
DA:276,666
DA:277,12
DA:278,654
DA:294,84
DA:311,762
DA:312,4128
DA:314,1302
DA:315,1302
DA:317,762
DA:332,6
DA:347,6
DA:363,6
DA:376,6
DA:398,18
DA:399,18
DA:400,6
DA:401,12
DA:422,6
DA:443,6
DA:456,6
DA:470,6
DA:490,6
DA:512,6978
DA:513,6978
DA:515,6198
DA:516,6198
DA:519,780
DA:520,780
DA:538,78
DA:539,78
DA:543,1236
DA:544,1236
DA:545,6
DA:546,1230
DA:547,1230
DA:560,72
DA:561,72
DA:575,6
DA:589,1494
LH:93
LF:93
end_of_record
SF:D:\Dev\test-utils\source\libraries\Bambit.TestUtility.DatabaseTools.SpecFlow\Mapping\MappedTable.cs
FN:26,get_TableRows()
FN:107,get_Columns()
FN:115,get_TableColumns()
FN:123,get_Rows()
FN:141,GetColumnDescription(System.String)
FN:157,IndexOfHeader(System.String)
FN:182,NormalizeName(System.String)
FN:197,ParseType(System.String)
FN:217,ParseDatabaseType(System.String)
FN:40,.ctor(System.Data.IDataReader)
FN:72,.ctor(TechTalk.SpecFlow.Table)
FN:18,.cctor()
FNDA:342,get_TableRows()
FNDA:3522,get_Columns()
FNDA:47070,get_TableColumns()
FNDA:342,get_Rows()
FNDA:108,GetColumnDescription(System.String)
FNDA:9318,IndexOfHeader(System.String)
FNDA:11916,NormalizeName(System.String)
FNDA:1914,ParseType(System.String)
FNDA:222,ParseDatabaseType(System.String)
FNDA:138,.ctor(System.Data.IDataReader)
FNDA:726,.ctor(TechTalk.SpecFlow.Table)
FNDA:6,.cctor()
FNF:12
FNH:12
BRDA:158,158,455,6
BRDA:158,158,456,6
BRDA:160,160,457,6
BRDA:160,160,458,6
BRDA:160,160,459,6
BRDA:160,160,460,6
BRDA:198,198,461,6
BRDA:198,198,462,6
BRDA:217,217,463,6
BRDA:217,217,464,6
BRDA:217,217,465,6
BRDA:217,217,466,6
BRDA:217,217,467,6
BRDA:217,217,468,6
BRDA:217,217,469,6
BRDA:217,217,470,6
BRDA:55,55,471,6
BRDA:55,55,472,6
BRDA:79,79,473,6
BRDA:79,79,474,6
BRF:20
BRH:20
DA:18,6
DA:26,342
DA:40,138
DA:43,138
DA:44,138
DA:45,138
DA:46,684
DA:47,684
DA:48,684
DA:49,684
DA:50,138
DA:51,684
DA:52,684
DA:53,138
DA:54,138
DA:55,216
DA:57,78
DA:60,138
DA:62,138
DA:72,726
DA:74,726
DA:75,726
DA:76,726
DA:77,1914
DA:78,1914
DA:79,1914
DA:80,726
DA:81,174
DA:82,726
DA:83,174
DA:84,726
DA:85,726
DA:86,1914
DA:87,1914
DA:88,726
DA:89,1914
DA:90,1914
DA:91,1914
DA:92,726
DA:93,1806
DA:96,726
DA:107,3522
DA:115,47070
DA:123,342
DA:141,108
DA:142,354
DA:157,9318
DA:158,39948
DA:160,13746
DA:161,3090
DA:164,6228
DA:182,11916
DA:197,1914
DA:198,1914
DA:217,222
DA:220,210
DA:223,252
LH:57
LF:57
end_of_record
SF:D:\Dev\test-utils\source\libraries\Bambit.TestUtility.DatabaseTools.SpecFlow\QuerySteps.cs
FN:36,RunQuery(System.String,System.String)
FN:53,RunQuery(System.String)
FN:71,RunMultiLineQueryAction(System.String,System.String)
FN:86,RunInlineQueryAction(System.String,System.String)
FN:107,RunQueryAndVerifyResults(System.String,Bambit.TestUtility.DatabaseTools.SpecFlow.Mapping.MappedTable)
FN:124,RunQueryAndVerifyResults(System.String,System.String,Bambit.TestUtility.DatabaseTools.SpecFlow.Mapping.MappedTable)
FN:149,VerifyLastResults(Bambit.TestUtility.DatabaseTools.SpecFlow.Mapping.MappedTable)
FN:19,.ctor(TechTalk.SpecFlow.ScenarioContext,TechTalk.SpecFlow.Infrastructure.ISpecFlowOutputHelper)
FNDA:12,RunQuery(System.String,System.String)
FNDA:6,RunQuery(System.String)
FNDA:6,RunMultiLineQueryAction(System.String,System.String)
FNDA:6,RunInlineQueryAction(System.String,System.String)
FNDA:30,RunQueryAndVerifyResults(System.String,Bambit.TestUtility.DatabaseTools.SpecFlow.Mapping.MappedTable)
FNDA:30,RunQueryAndVerifyResults(System.String,System.String,Bambit.TestUtility.DatabaseTools.SpecFlow.Mapping.MappedTable)
FNDA:6,VerifyLastResults(Bambit.TestUtility.DatabaseTools.SpecFlow.Mapping.MappedTable)
FNDA:48,.ctor(TechTalk.SpecFlow.ScenarioContext,TechTalk.SpecFlow.Infrastructure.ISpecFlowOutputHelper)
FNF:8
FNH:8
BRF:0
BRH:0
DA:19,48
DA:36,12
DA:38,12
DA:40,24
DA:53,6
DA:54,6
DA:71,6
DA:72,6
DA:86,6
DA:88,6
DA:89,12
DA:107,30
DA:108,30
DA:124,30
DA:125,30
DA:126,30
DA:127,48
DA:128,30
DA:129,30
DA:130,48
DA:131,30
DA:132,30
DA:133,96
DA:134,30
DA:136,60
DA:149,6
DA:151,6
LH:27
LF:27
end_of_record
SF:D:\Dev\test-utils\source\libraries\Bambit.TestUtility.DatabaseTools.SpecFlow\TableSteps.cs
FN:32,EmptyTableAndAddRows(System.String,System.String,System.String,Bambit.TestUtility.DatabaseTools.SpecFlow.Mapping.MappedTable)
FN:46,EmptyTable(System.String,System.String,System.String)
FN:62,EmptyTable(System.String,System.String)
FN:77,AddRecordsToDatabase(System.String,System.String,System.String,Bambit.TestUtility.DatabaseTools.SpecFlow.Mapping.MappedTable)
FN:88,EmptyTableAndAddRows(System.String,System.String,Bambit.TestUtility.DatabaseTools.SpecFlow.Mapping.MappedTable)
FN:100,VerifyOnlyRecordsExistInTable(System.String,System.String,Bambit.TestUtility.DatabaseTools.SpecFlow.Mapping.MappedTable)
FN:114,VerifyOnlyRecordsExistInTable(System.String,System.String,System.String,Bambit.TestUtility.DatabaseTools.SpecFlow.Mapping.MappedTable)
FN:128,VerifyRecordsExistInTable(System.String,System.String,System.String,Bambit.TestUtility.DatabaseTools.SpecFlow.Mapping.MappedTable)
FN:143,VerifyRecordsThrowError(System.String,System.String,System.String,Bambit.TestUtility.DatabaseTools.SpecFlow.Mapping.MappedTable)
FN:168,VerifyRecordsThrowError(System.String,System.String,Bambit.TestUtility.DatabaseTools.SpecFlow.Mapping.MappedTable)
FN:179,VerifyLastExceptionPhrase(System.String)
FN:199,VerifyRowCountInTable(System.String,System.String,System.String,System.Int32)
FN:220,VerifyTableIsEmpty(System.String,System.String,System.String)
FN:17,.ctor(TechTalk.SpecFlow.ScenarioContext,TechTalk.SpecFlow.Infrastructure.ISpecFlowOutputHelper)
FNDA:96,EmptyTableAndAddRows(System.String,System.String,System.String,Bambit.TestUtility.DatabaseTools.SpecFlow.Mapping.MappedTable)
FNDA:108,EmptyTable(System.String,System.String,System.String)
FNDA:12,EmptyTable(System.String,System.String)
FNDA:120,AddRecordsToDatabase(System.String,System.String,System.String,Bambit.TestUtility.DatabaseTools.SpecFlow.Mapping.MappedTable)
FNDA:24,EmptyTableAndAddRows(System.String,System.String,Bambit.TestUtility.DatabaseTools.SpecFlow.Mapping.MappedTable)
FNDA:12,VerifyOnlyRecordsExistInTable(System.String,System.String,Bambit.TestUtility.DatabaseTools.SpecFlow.Mapping.MappedTable)
FNDA:30,VerifyOnlyRecordsExistInTable(System.String,System.String,System.String,Bambit.TestUtility.DatabaseTools.SpecFlow.Mapping.MappedTable)
FNDA:18,VerifyRecordsExistInTable(System.String,System.String,System.String,Bambit.TestUtility.DatabaseTools.SpecFlow.Mapping.MappedTable)
FNDA:18,VerifyRecordsThrowError(System.String,System.String,System.String,Bambit.TestUtility.DatabaseTools.SpecFlow.Mapping.MappedTable)
FNDA:12,VerifyRecordsThrowError(System.String,System.String,Bambit.TestUtility.DatabaseTools.SpecFlow.Mapping.MappedTable)
FNDA:12,VerifyLastExceptionPhrase(System.String)
FNDA:12,VerifyRowCountInTable(System.String,System.String,System.String,System.Int32)
FNDA:6,VerifyTableIsEmpty(System.String,System.String,System.String)
FNDA:120,.ctor(TechTalk.SpecFlow.ScenarioContext,TechTalk.SpecFlow.Infrastructure.ISpecFlowOutputHelper)
FNF:14
FNH:14
BRF:0
BRH:0
DA:17,120
DA:32,96
DA:33,96
DA:34,90
DA:46,108
DA:47,108
DA:49,108
DA:50,108
DA:51,108
DA:52,216
DA:62,12
DA:63,12
DA:77,120
DA:78,102
DA:88,24
DA:89,24
DA:100,12
DA:101,12
DA:114,30
DA:115,30
DA:128,18
DA:129,18
DA:143,18
DA:146,18
DA:147,6
DA:148,12
DA:150,12
DA:151,12
DA:152,12
DA:154,6
DA:155,6
DA:156,12
DA:168,12
DA:169,6
DA:179,12
DA:180,12
DA:181,12
DA:183,12
DA:184,12
DA:185,12
DA:199,12
DA:201,12
DA:202,12
DA:203,12
DA:204,12
DA:205,12
DA:207,24
DA:220,6
DA:221,6
LH:49
LF:49
end_of_record
SF:D:\Dev\test-utils\source\libraries\Bambit.TestUtility.DatabaseTools.SpecFlow\Tools\SpecFlowDatabaseStateManager.cs
FN:32,get_TestDatabaseFactory()
FN:57,get_Configuration()
FN:62,OpenConnectionForName(System.String)
FN:76,get_DatabaseClassFactory()
FN:83,GetCurrentConnector()
FN:89,get_Variables()
FN:90,set_Variables(System.Collections.Generic.Dictionary`2<System.String,System.Object>)
FN:102,get_LastResultSet()
FN:105,set_LastResultSet(Bambit.TestUtility.DatabaseTools.SpecFlow.Mapping.MappedTable)
FN:117,get_LastDatabaseConnectionName()
FN:119,set_LastDatabaseConnectionName(System.String)
FN:124,get_IsDebugModeOn()
FN:45,.ctor(TechTalk.SpecFlow.ScenarioContext)
FN:18,.cctor()
FNDA:528,get_TestDatabaseFactory()
FNDA:1392,get_Configuration()
FNDA:408,OpenConnectionForName(System.String)
FNDA:120,get_DatabaseClassFactory()
FNDA:120,GetCurrentConnector()
FNDA:636,get_Variables()
FNDA:354,set_Variables(System.Collections.Generic.Dictionary`2<System.String,System.Object>)
FNDA:6,get_LastResultSet()
FNDA:6,set_LastResultSet(Bambit.TestUtility.DatabaseTools.SpecFlow.Mapping.MappedTable)
FNDA:288,get_LastDatabaseConnectionName()
FNDA:744,set_LastDatabaseConnectionName(System.String)
FNDA:0,get_IsDebugModeOn()
FNDA:354,.ctor(TechTalk.SpecFlow.ScenarioContext)
FNDA:6,.cctor()
FNF:14
FNH:13
BRDA:105,105,475,6
BRDA:105,105,476,-
BRDA:117,117,477,6
BRDA:117,117,478,-
BRDA:124,124,479,-
BRDA:124,124,480,-
BRF:6
BRH:2
DA:18,6
DA:20,6
DA:22,6
DA:24,6
DA:32,528
DA:45,354
DA:47,354
DA:48,354
DA:49,354
DA:57,1392
DA:62,408
DA:63,408
DA:64,408
DA:65,408
DA:67,408
DA:76,120
DA:83,120
DA:89,636
DA:90,354
DA:102,6
DA:105,6
DA:106,0
DA:108,6
DA:109,6
DA:117,288
DA:118,288
DA:119,744
DA:124,0
DA:125,0
LH:26
LF:29
end_of_record
SF:D:\Dev\test-utils\source\libraries\Bambit.TestUtility.DatabaseTools.SpecFlow\Transforms\Transformations.cs
FN:22,DatabaseMappedTableTransform(TechTalk.SpecFlow.Table)
FN:33,AssignToObject(Bambit.TestUtility.DatabaseTools.SpecFlow.Mapping.MappedRow,Bambit.TestUtility.DatabaseTools.DatabaseMappedClass)
FN:46,TransformForNull(Bambit.TestUtility.DatabaseTools.SpecFlow.Mapping.MappedRow,System.String)
FN:62,ApplyTransformValues(T,System.Func`2<System.String,System.String>)
FNDA:222,DatabaseMappedTableTransform(TechTalk.SpecFlow.Table)
FNDA:330,AssignToObject(Bambit.TestUtility.DatabaseTools.SpecFlow.Mapping.MappedRow,Bambit.TestUtility.DatabaseTools.DatabaseMappedClass)
FNDA:1824,TransformForNull(Bambit.TestUtility.DatabaseTools.SpecFlow.Mapping.MappedRow,System.String)
FNDA:2136,ApplyTransformValues(T,System.Func`2<System.String,System.String>)
FNF:4
FNH:4
BRDA:46,46,481,6
BRDA:46,46,482,6
BRDA:62,62,483,6
BRDA:62,62,484,6
BRDA:64,64,485,6
BRDA:64,64,486,6
BRDA:64,64,487,6
BRDA:64,64,488,6
BRF:8
BRH:8
DA:22,222
DA:33,330
DA:34,330
DA:46,1824
DA:48,582
DA:50,330
DA:62,2136
DA:64,648
DA:67,420
LH:9
LF:9
end_of_record
SF:D:\Dev\test-utils\source\libraries\Bambit.TestUtility.DatabaseTools.SqlServer\SqlServerDatabaseCatalogRecord.cs
FN:42,get_TableDefinitionQuery()
FN:46,GetConnection(System.String)
FN:49,get_Qualifiers()
FN:53,EscapeToken(System.String)
FN:9,.cctor()
FNDA:150,get_TableDefinitionQuery()
FNDA:582,GetConnection(System.String)
FNDA:11862,get_Qualifiers()
FNDA:11718,EscapeToken(System.String)
FNDA:12,.cctor()
FNF:5
FNH:5
BRF:0
BRH:0
DA:9,12
DA:10,12
DA:11,12
DA:12,12
DA:13,12
DA:14,12
DA:15,12
DA:16,12
DA:17,12
DA:18,12
DA:19,12
DA:20,12
DA:21,12
DA:22,12
DA:23,12
DA:24,12
DA:25,12
DA:26,12
DA:27,12
DA:28,12
DA:29,12
DA:30,12
DA:31,12
DA:32,12
DA:33,12
DA:34,12
DA:35,12
DA:36,12
DA:37,12
DA:38,12
DA:39,12
DA:40,12
DA:42,150
DA:46,582
DA:49,11862
DA:53,11718
LH:36
LF:36
end_of_record
SF:D:\Dev\test-utils\source\libraries\Bambit.TestUtility.DatabaseTools.SqlServer\SqlServerTestDbConnection.cs
FN:27,InfoTrackerHandler(System.Object,System.Data.SqlClient.SqlInfoMessageEventArgs)
FN:33,TrackInfoMessages()
FN:39,UntrackInfoMessages()
FN:49,CleanIdentifier(System.String)
FN:61,CompareResults(System.String[],System.String[],System.Collections.Generic.IEnumerable`1<System.Object[]>,System.Collections.Generic.IEnumerable`1<System.Object[]>,System.Boolean)
FN:109,CompareTableToDataset(System.String,System.String,System.String[],System.Collections.Generic.IEnumerable`1<System.Object[]>,System.Boolean)
FN:153,InsertRecords(System.String,System.String[],System.Collections.Generic.IEnumerable`1<System.Object[]>)
FN:191,GeneratePrintableResults(System.Data.DataTable)
FN:248,GetDbType(System.Reflection.PropertyInfo)
FN:270,Persist(Bambit.TestUtility.DatabaseTools.DatabaseMappedClass)
FN:346,CompareExistingAndExpected(System.String,System.Boolean)
FN:13,.ctor(System.Data.IDbConnection)
FNDA:120,InfoTrackerHandler(System.Object,System.Data.SqlClient.SqlInfoMessageEventArgs)
FNDA:12,TrackInfoMessages()
FNDA:6,UntrackInfoMessages()
FNDA:942,CleanIdentifier(System.String)
FNDA:126,CompareResults(System.String[],System.String[],System.Collections.Generic.IEnumerable`1<System.Object[]>,System.Collections.Generic.IEnumerable`1<System.Object[]>,System.Boolean)
FNDA:114,CompareTableToDataset(System.String,System.String,System.String[],System.Collections.Generic.IEnumerable`1<System.Object[]>,System.Boolean)
FNDA:354,InsertRecords(System.String,System.String[],System.Collections.Generic.IEnumerable`1<System.Object[]>)
FNDA:78,GeneratePrintableResults(System.Data.DataTable)
FNDA:5496,GetDbType(System.Reflection.PropertyInfo)
FNDA:438,Persist(Bambit.TestUtility.DatabaseTools.DatabaseMappedClass)
FNDA:228,CompareExistingAndExpected(System.String,System.Boolean)
FNDA:768,.ctor(System.Data.IDbConnection)
FNF:12
FNH:12
BRDA:49,49,489,12
BRDA:49,49,490,-
BRDA:68,68,491,12
BRDA:68,68,492,12
BRDA:71,71,493,12
BRDA:71,71,494,12
BRDA:71,71,495,12
BRDA:71,71,496,12
BRDA:71,71,497,12
BRDA:71,71,498,12
BRDA:110,110,499,12
BRDA:110,110,500,-
BRDA:155,155,501,12
BRDA:155,155,502,12
BRDA:161,161,503,12
BRDA:161,161,504,12
BRDA:163,163,505,12
BRDA:163,163,506,6
BRDA:170,170,507,12
BRDA:170,170,508,12
BRDA:176,176,509,12
BRDA:176,176,510,6
BRDA:193,193,511,12
BRDA:193,193,512,12
BRDA:196,196,513,12
BRDA:196,196,514,12
BRDA:202,202,515,12
BRDA:202,202,516,12
BRDA:202,202,517,-
BRDA:202,202,518,-
BRDA:209,209,519,12
BRDA:209,209,520,12
BRDA:223,223,521,12
BRDA:223,223,522,12
BRDA:225,225,523,12
BRDA:225,225,524,12
BRDA:227,227,525,12
BRDA:227,227,526,12
BRDA:227,227,527,-
BRDA:227,227,528,-
BRDA:250,250,529,12
BRDA:250,250,530,-
BRDA:255,255,531,12
BRDA:255,255,532,12
BRDA:255,255,533,12
BRDA:255,255,534,6
BRDA:255,255,535,6
BRDA:255,255,536,6
BRDA:274,274,537,12
BRDA:274,274,538,6
BRDA:287,287,539,12
BRDA:287,287,540,6
BRDA:295,295,541,12
BRDA:295,295,542,12
BRDA:300,300,543,12
BRDA:300,300,544,12
BRDA:302,302,545,12
BRDA:302,302,546,12
BRDA:305,305,547,12
BRDA:305,305,548,12
BRDA:307,307,549,12
BRDA:307,307,550,12
BRDA:311,311,551,12
BRDA:311,311,552,12
BRDA:313,313,553,12
BRDA:313,313,554,6
BRDA:394,394,555,12
BRDA:394,394,556,6
BRDA:399,399,557,12
BRDA:399,399,558,12
BRDA:399,399,559,12
BRDA:399,399,560,12
BRDA:401,401,561,12
BRDA:401,401,562,12
BRDA:401,401,563,12
BRDA:401,401,564,12
BRF:76
BRH:69
DA:13,768
DA:27,120
DA:28,120
DA:29,120
DA:33,12
DA:34,12
DA:39,6
DA:40,6
DA:49,942
DA:61,126
DA:64,126
DA:67,126
DA:68,768
DA:70,258
DA:71,258
DA:75,48
DA:76,48
DA:79,18
DA:82,258
DA:85,126
DA:86,126
DA:87,126
DA:88,126
DA:89,126
DA:90,126
DA:91,126
DA:92,126
DA:93,126
DA:94,126
DA:95,126
DA:96,126
DA:97,126
DA:98,126
DA:100,126
DA:101,120
DA:102,120
DA:109,114
DA:110,114
DA:111,0
DA:115,114
DA:116,114
DA:117,114
DA:118,114
DA:119,114
DA:120,114
DA:121,114
DA:122,114
DA:123,114
DA:124,114
DA:125,114
DA:126,114
DA:127,114
DA:128,114
DA:129,114
DA:130,114
DA:131,114
DA:132,114
DA:133,114
DA:134,114
DA:135,114
DA:136,114
DA:137,114
DA:138,114
DA:139,114
DA:140,114
DA:142,114
DA:143,114
DA:144,108
DA:146,108
DA:148,108
DA:153,354
DA:154,354
DA:155,2100
DA:156,696
DA:157,354
DA:160,354
DA:161,2094
DA:163,696
DA:164,6
DA:165,6
DA:166,690
DA:169,690
DA:170,3648
DA:173,1134
DA:174,1134
DA:175,1134
DA:176,1134
DA:177,1134
DA:180,690
DA:182,348
DA:191,78
DA:192,78
DA:193,648
DA:195,246
DA:196,246
DA:198,78
DA:201,246
DA:202,606
DA:203,606
DA:204,606
DA:205,606
DA:206,246
DA:207,852
DA:209,246
DA:211,138
DA:215,246
DA:216,246
DA:218,246
DA:221,78
DA:223,552
DA:225,1608
DA:227,606
DA:228,606
DA:229,606
DA:230,606
DA:232,606
DA:235,198
DA:238,78
DA:248,5496
DA:249,5496
DA:250,5496
DA:252,0
DA:255,5496
DA:258,108
DA:260,108
DA:262,108
DA:264,5172
DA:270,438
DA:271,438
DA:272,438
DA:273,438
DA:274,438
DA:276,6
DA:279,432
DA:280,432
DA:282,432
DA:283,432
DA:284,432
DA:285,432
DA:287,432
DA:289,6
DA:292,432
DA:295,12624
DA:297,5880
DA:298,5880
DA:299,5880
DA:300,5880
DA:302,5880
DA:304,5496
DA:305,5496
DA:306,5496
DA:307,5496
DA:309,5496
DA:310,5496
DA:311,5496
DA:313,5496
DA:315,324
DA:316,324
DA:317,324
DA:318,324
DA:321,5172
DA:322,5496
DA:324,5496
DA:327,432
DA:328,432
DA:330,432
DA:333,840
DA:346,228
DA:347,228
DA:348,228
DA:349,228
DA:350,228
DA:351,228
DA:352,228
DA:353,228
DA:354,228
DA:355,228
DA:356,228
DA:357,228
DA:358,228
DA:359,228
DA:360,228
DA:361,228
DA:362,228
DA:363,228
DA:364,228
DA:365,228
DA:366,228
DA:367,228
DA:368,228
DA:369,228
DA:370,228
DA:371,228
DA:372,228
DA:373,228
DA:374,228
DA:375,228
DA:376,228
DA:377,228
DA:378,228
DA:379,228
DA:380,228
DA:381,228
DA:382,228
DA:383,228
DA:384,228
DA:385,228
DA:386,228
DA:387,228
DA:388,228
DA:390,228
DA:391,228
DA:392,228
DA:393,228
DA:394,228
DA:395,12
DA:396,216
DA:397,216
DA:399,216
DA:400,66
DA:401,222
DA:402,78
DA:403,78
DA:404,78
DA:405,78
DA:406,78
DA:407,78
DA:408,78
DA:411,228
LH:227
LF:229
end_of_record
SF:D:\Dev\test-utils\source\libraries\Bambit.TestUtility.DataGeneration\Attributes\DecimalPrecisionAttribute.cs
FN:15,get_Precision()
FN:19,get_Scale()
FN:27,.ctor(System.Byte,System.Byte)
FNDA:7627,get_Precision()
FNDA:7627,get_Scale()
FNDA:4706,.ctor(System.Byte,System.Byte)
FNF:3
FNH:3
BRF:0
BRH:0
DA:15,7627
DA:19,7627
DA:27,4706
DA:29,4706
DA:30,4706
DA:31,4706
LH:6
LF:6
end_of_record
SF:D:\Dev\test-utils\source\libraries\Bambit.TestUtility.DataGeneration\RandomDataGenerator.cs
FN:130,get_MaxRecursion()
FN:157,GenerateBoolean()
FN:163,GenerateByte()
FN:169,GenerateDate(System.Int32,System.Int32)
FN:176,GenerateDateTime(System.Int32,System.Int32)
FN:186,GenerateDecimal(System.Decimal,System.Decimal)
FN:193,GenerateDecimal(System.Byte,System.Byte)
FN:207,GenerateDouble(System.Double,System.Double)
FN:215,GenerateDouble(System.Byte,System.Byte)
FN:229,GenerateGuid()
FN:235,GenerateInt(System.Int32,System.Int32)
FN:241,GenerateFirstName()
FN:247,GenerateLastName()
FN:253,GenerateName()
FN:260,GenerateString(System.Int32)
FN:278,GenerateMoney(System.Decimal,System.Decimal)
FN:287,AddAutoProperties()
FN:301,AddCustomObjectInitialization(System.Func`2<Bambit.TestUtility.DataGeneration.IRandomDataGenerator,T>)
FN:312,AddCustomObjectInitialization(System.Func`2<Bambit.TestUtility.DataGeneration.IRandomDataGenerator,T>,System.Boolean)
FN:324,AddStringFieldNameGenerator(System.String,System.Func`1<System.String>)
FN:335,CreateObject(System.Type)
FN:355,InitializeDictionary(System.Int32)
FN:369,InitializeDictionary(System.Int32)
FN:382,InitializeObject(System.Action`1<T>)
FN:400,InitializeList(System.Int32,System.Func`2<Bambit.TestUtility.DataGeneration.IRandomDataGenerator,T>)
FN:412,InitializeList(System.Int32)
FN:425,InitializeList(System.Int32,System.Action`1<T>)
FN:438,InitializeList(System.Int32,System.Int32)
FN:451,InitializeObject()
FN:459,InitializeObject(T)
FN:466,InitializeObject(T,System.Action`1<T>)
FN:489,GetFirstDayOfMonth()
FN:494,GetFirstDayOfMonth(System.DateTime)
FN:500,GetLastDayOfMonth()
FN:506,GetLastDayOfMonth(System.DateTime)
FN:515,GenerateEnum()
FN:523,CoinToss(T,T)
FN:529,GetListEntry(System.Collections.Generic.List`1<T>)
FN:535,GetEntry(T[])
FN:554,AssignValueToProperty(T,System.Reflection.PropertyInfo,System.Int32)
FN:627,GenerateStringForFieldName(System.String)
FN:645,InitializeObject(T,System.Int32)
FN:678,SetProperty(T,System.Reflection.PropertyInfo,System.Type,System.Int32)
FN:700,SetStringProperty(System.Object,System.Reflection.PropertyInfo)
FN:139,.ctor()
FN:23,.cctor()
FNDA:3845,get_MaxRecursion()
FNDA:1347,GenerateBoolean()
FNDA:59,GenerateByte()
FNDA:2568,GenerateDate(System.Int32,System.Int32)
FNDA:706,GenerateDateTime(System.Int32,System.Int32)
FNDA:911,GenerateDecimal(System.Decimal,System.Decimal)
FNDA:3808,GenerateDecimal(System.Byte,System.Byte)
FNDA:10650,GenerateDouble(System.Double,System.Double)
FNDA:2950,GenerateDouble(System.Byte,System.Byte)
FNDA:1242,GenerateGuid()
FNDA:234290,GenerateInt(System.Int32,System.Int32)
FNDA:139312,GenerateFirstName()
FNDA:71400,GenerateLastName()
FNDA:700,GenerateName()
FNDA:10911,GenerateString(System.Int32)
FNDA:852,GenerateMoney(System.Decimal,System.Decimal)
FNDA:56,AddAutoProperties()
FNDA:35,AddCustomObjectInitialization(System.Func`2<Bambit.TestUtility.DataGeneration.IRandomDataGenerator,T>)
FNDA:7,AddCustomObjectInitialization(System.Func`2<Bambit.TestUtility.DataGeneration.IRandomDataGenerator,T>,System.Boolean)
FNDA:7,AddStringFieldNameGenerator(System.String,System.Func`1<System.String>)
FNDA:28,CreateObject(System.Type)
FNDA:7,InitializeDictionary(System.Int32)
FNDA:7,InitializeDictionary(System.Int32)
FNDA:522,InitializeObject(System.Action`1<T>)
FNDA:7,InitializeList(System.Int32,System.Func`2<Bambit.TestUtility.DataGeneration.IRandomDataGenerator,T>)
FNDA:7,InitializeList(System.Int32)
FNDA:7,InitializeList(System.Int32,System.Action`1<T>)
FNDA:25,InitializeList(System.Int32,System.Int32)
FNDA:487,InitializeObject()
FNDA:649,InitializeObject(T)
FNDA:7,InitializeObject(T,System.Action`1<T>)
FNDA:7,GetFirstDayOfMonth()
FNDA:1862,GetFirstDayOfMonth(System.DateTime)
FNDA:7,GetLastDayOfMonth()
FNDA:931,GetLastDayOfMonth(System.DateTime)
FNDA:3500,GenerateEnum()
FNDA:707,CoinToss(T,T)
FNDA:7000,GetListEntry(System.Collections.Generic.List`1<T>)
FNDA:3500,GetEntry(T[])
FNDA:17918,AssignValueToProperty(T,System.Reflection.PropertyInfo,System.Int32)
FNDA:2197,GenerateStringForFieldName(System.String)
FNDA:810,InitializeObject(T,System.Int32)
FNDA:168,SetProperty(T,System.Reflection.PropertyInfo,System.Type,System.Int32)
FNDA:2197,SetStringProperty(System.Object,System.Reflection.PropertyInfo)
FNDA:119,.ctor()
FNDA:25,.cctor()
FNF:46
FNH:46
BRDA:193,193,565,19
BRDA:193,193,566,19
BRDA:195,195,567,19
BRDA:195,195,568,-
BRDA:215,215,569,19
BRDA:215,215,570,13
BRDA:217,217,571,13
BRDA:217,217,572,-
BRDA:260,260,573,25
BRDA:260,260,574,7
BRDA:264,264,575,25
BRDA:264,264,576,25
BRDA:302,302,577,7
BRDA:302,302,578,7
BRDA:313,313,579,7
BRDA:313,313,580,7
BRDA:335,335,581,7
BRDA:335,335,582,7
BRDA:341,341,583,7
BRDA:341,341,584,7
BRDA:356,356,585,7
BRDA:356,356,586,7
BRDA:370,370,587,7
BRDA:370,370,588,7
BRDA:384,384,589,19
BRDA:384,384,590,7
BRDA:392,392,591,19
BRDA:392,392,592,7
BRDA:401,401,593,7
BRDA:401,401,594,7
BRDA:413,413,595,7
BRDA:413,413,596,7
BRDA:426,426,597,7
BRDA:426,426,598,7
BRDA:439,439,599,13
BRDA:439,439,600,13
BRDA:467,467,601,7
BRDA:467,467,602,7
BRDA:469,469,603,7
BRDA:469,469,604,7
BRDA:469,469,605,-
BRDA:469,469,606,-
BRDA:471,471,607,7
BRDA:471,471,608,7
BRDA:477,477,609,7
BRDA:477,477,610,7
BRDA:523,523,611,7
BRDA:523,523,612,7
BRDA:554,554,613,25
BRDA:554,554,614,18
BRDA:559,559,615,25
BRDA:559,559,616,19
BRDA:564,564,617,25
BRDA:564,564,618,7
BRDA:568,568,619,25
BRDA:568,568,620,25
BRDA:572,572,621,25
BRDA:572,572,622,19
BRDA:576,576,623,25
BRDA:576,576,624,25
BRDA:580,580,625,25
BRDA:580,580,626,19
BRDA:584,584,627,25
BRDA:584,584,628,25
BRDA:588,588,629,25
BRDA:588,588,630,19
BRDA:592,592,631,25
BRDA:592,592,632,19
BRDA:596,596,633,25
BRDA:596,596,634,6
BRDA:601,601,635,19
BRDA:601,601,636,19
BRDA:605,605,637,19
BRDA:605,605,638,-
BRDA:610,610,639,19
BRDA:610,610,640,19
BRDA:614,614,641,19
BRDA:614,614,642,19
BRDA:627,627,643,25
BRDA:627,627,644,7
BRDA:645,645,645,25
BRDA:645,645,646,7
BRDA:648,648,647,25
BRDA:648,648,648,25
BRDA:650,650,649,25
BRDA:650,650,650,25
BRDA:650,650,651,-
BRDA:650,650,652,-
BRDA:652,652,653,25
BRDA:652,652,654,25
BRDA:678,678,655,7
BRDA:678,678,656,7
BRDA:701,701,657,25
BRDA:701,701,658,25
BRDA:707,707,659,25
BRDA:707,707,660,7
BRDA:710,710,661,25
BRDA:710,710,662,19
BRF:98
BRH:91
DA:23,25
DA:24,25
DA:25,25
DA:26,25
DA:27,25
DA:28,25
DA:29,25
DA:30,25
DA:31,25
DA:32,25
DA:33,25
DA:34,25
DA:35,25
DA:36,25
DA:37,25
DA:38,25
DA:39,25
DA:40,25
DA:41,25
DA:42,25
DA:43,25
DA:44,25
DA:45,25
DA:46,25
DA:47,25
DA:48,25
DA:49,25
DA:50,25
DA:51,25
DA:52,25
DA:53,25
DA:54,25
DA:55,25
DA:62,25
DA:63,25
DA:64,25
DA:65,25
DA:66,25
DA:67,25
DA:68,25
DA:69,25
DA:70,25
DA:71,25
DA:72,25
DA:73,25
DA:74,25
DA:75,25
DA:76,25
DA:77,25
DA:78,25
DA:79,25
DA:88,50
DA:93,25
DA:99,25
DA:130,3845
DA:139,119
DA:141,119
DA:142,119
DA:143,119
DA:144,119
DA:157,1347
DA:163,59
DA:169,2568
DA:176,706
DA:177,706
DA:178,706
DA:179,706
DA:180,706
DA:186,911
DA:187,911
DA:193,3808
DA:195,1204
DA:198,3808
DA:199,3808
DA:200,3808
DA:201,3808
DA:207,10650
DA:208,10650
DA:209,10650
DA:215,2950
DA:217,814
DA:220,2950
DA:221,2950
DA:222,2950
DA:223,2950
DA:229,1242
DA:235,234290
DA:241,139312
DA:247,71400
DA:253,700
DA:260,10911
DA:261,28
DA:263,10883
DA:264,817266
DA:266,397750
DA:269,10883
DA:278,852
DA:287,56
DA:288,56
DA:289,56
DA:290,56
DA:295,49
DA:296,49
DA:301,35
DA:302,35
DA:303,56
DA:305,14
DA:306,7
DA:312,7
DA:313,7
DA:314,7
DA:315,7
DA:324,7
DA:325,7
DA:335,28
DA:336,7
DA:340,21
DA:341,14
DA:342,7
DA:343,7
DA:345,7
DA:348,14
DA:355,7
DA:356,70
DA:358,28
DA:361,7
DA:369,7
DA:370,70
DA:372,28
DA:375,7
DA:382,522
DA:384,522
DA:385,21
DA:388,501
DA:389,501
DA:392,508
DA:393,508
DA:400,7
DA:401,70
DA:403,28
DA:406,7
DA:412,7
DA:413,70
DA:415,28
DA:418,7
DA:425,7
DA:426,70
DA:428,28
DA:429,28
DA:432,7
DA:438,25
DA:439,466
DA:441,208
DA:444,25
DA:451,487
DA:459,649
DA:466,7
DA:467,7
DA:468,7
DA:469,196
DA:471,392
DA:473,189
DA:477,7
DA:478,7
DA:489,7
DA:494,1862
DA:500,7
DA:506,931
DA:515,3500
DA:516,3500
DA:517,3500
DA:523,707
DA:529,7000
DA:535,3500
DA:554,17918
DA:555,402
DA:556,17516
DA:558,17516
DA:559,17516
DA:561,8436
DA:564,17516
DA:566,168
DA:568,17348
DA:570,2197
DA:572,15151
DA:574,1218
DA:576,13933
DA:578,1296
DA:580,12637
DA:582,954
DA:584,11683
DA:586,1584
DA:588,10099
DA:590,942
DA:592,9157
DA:594,1860
DA:595,1860
DA:596,1860
DA:597,1860
DA:598,1860
DA:599,1860
DA:601,7297
DA:603,942
DA:604,942
DA:605,942
DA:606,942
DA:607,942
DA:608,942
DA:610,6355
DA:612,1323
DA:614,5032
DA:616,1218
DA:618,5032
DA:627,2197
DA:628,2197
DA:629,2197
DA:630,2197
DA:645,810
DA:646,14
DA:647,796
DA:648,796
DA:649,796
DA:650,15651
DA:652,31169
DA:654,14855
DA:658,663
DA:678,168
DA:679,7
DA:682,161
DA:683,161
DA:686,35
DA:687,35
DA:700,2197
DA:701,2197
DA:703,2190
DA:705,2190
DA:706,2190
DA:707,2190
DA:708,105
DA:709,2190
DA:710,2190
DA:711,1107
DA:712,2190
DA:715,2197
DA:716,2197
LH:245
LF:245
end_of_record
SF:D:\Dev\test-utils\source\tests\Bambit.TestUtility.TestHelper\MappedClassInstance.cs
FN:11,get_Name()
FN:13,get_Age()
FN:15,get_Height()
FN:17,get_DateOfBirth()
FN:8,.ctor()
FNDA:102,get_Name()
FNDA:108,get_Age()
FNDA:102,get_Height()
FNDA:102,get_DateOfBirth()
FNDA:108,.ctor()
FNF:5
FNH:5
BRF:0
BRH:0
DA:8,108
DA:11,102
DA:13,108
DA:15,102
DA:17,102
LH:5
LF:5
end_of_record
SF:D:\Dev\test-utils\source\tests\Bambit.TestUtility.TestHelper\MappedClassInstance.cs
FN:23,get_WeekDay()
FNDA:18,get_WeekDay()
FNF:1
FNH:1
BRF:0
BRH:0
DA:23,18
LH:1
LF:1
end_of_record
